  statisticsSurvey.c
d:\gmit\40446 - advanced procedural programming\project\surveyfinal\survey\statisticssurvey.c(108): warning C4098: 'statisticsSurvey': 'void' function returning a value
d:\gmit\40446 - advanced procedural programming\project\surveyfinal\survey\statisticssurvey.c(39): warning C4996: 'scanf': This function or variable may be unsafe. Consider using scanf_s instead. To disable deprecation, use _CRT_SECURE_NO_WARNINGS. See online help for details.
  c:\program files (x86)\windows kits\10\include\10.0.10240.0\ucrt\stdio.h(1270): note: see declaration of 'scanf'
  reportSurvey.c
d:\gmit\40446 - advanced procedural programming\project\surveyfinal\survey\reportsurvey.c(18): warning C4996: 'fopen': This function or variable may be unsafe. Consider using fopen_s instead. To disable deprecation, use _CRT_SECURE_NO_WARNINGS. See online help for details.
  c:\program files (x86)\windows kits\10\include\10.0.10240.0\ucrt\stdio.h(205): note: see declaration of 'fopen'
d:\gmit\40446 - advanced procedural programming\project\surveyfinal\survey\reportsurvey.c(13): warning C4101: 'j': unreferenced local variable
  displaySurvey.c
  displayDetailsSurvey.c
d:\gmit\40446 - advanced procedural programming\project\surveyfinal\survey\displaydetailssurvey.c(26): warning C4047: 'function': 'const char *' differs in levels of indirection from 'char *[40]'
d:\gmit\40446 - advanced procedural programming\project\surveyfinal\survey\displaydetailssurvey.c(26): warning C4024: 'strcmp': different types for formal and actual parameter 2
d:\gmit\40446 - advanced procedural programming\project\surveyfinal\survey\displaydetailssurvey.c(26): warning C4024: 'atoi': different types for formal and actual parameter 1
d:\gmit\40446 - advanced procedural programming\project\surveyfinal\survey\displaydetailssurvey.c(18): warning C4477: 'scanf' : format string '%s' requires an argument of type 'char *', but variadic argument 1 has type 'char **'
d:\gmit\40446 - advanced procedural programming\project\surveyfinal\survey\displaydetailssurvey.c(18): warning C4996: 'scanf': This function or variable may be unsafe. Consider using scanf_s instead. To disable deprecation, use _CRT_SECURE_NO_WARNINGS. See online help for details.
  c:\program files (x86)\windows kits\10\include\10.0.10240.0\ucrt\stdio.h(1270): note: see declaration of 'scanf'
d:\gmit\40446 - advanced procedural programming\project\surveyfinal\survey\displaydetailssurvey.c(51): warning C4477: 'printf' : format string '%s' requires an argument of type 'char *', but variadic argument 1 has type 'char **'
  deleteSurvey.c
d:\gmit\40446 - advanced procedural programming\project\surveyfinal\survey\deletesurvey.c(29): warning C4996: 'scanf': This function or variable may be unsafe. Consider using scanf_s instead. To disable deprecation, use _CRT_SECURE_NO_WARNINGS. See online help for details.
  c:\program files (x86)\windows kits\10\include\10.0.10240.0\ucrt\stdio.h(1270): note: see declaration of 'scanf'
d:\gmit\40446 - advanced procedural programming\project\surveyfinal\survey\deletesurvey.c(100): warning C4133: '=': incompatible types - from 'nolistElementde *' to 'listElement *'
d:\gmit\40446 - advanced procedural programming\project\surveyfinal\survey\deletesurvey.c(88): warning C4101: 'old_temp': unreferenced local variable
  addSurvey.c
d:\gmit\40446 - advanced procedural programming\project\surveyfinal\survey\addsurvey.c(38): warning C4996: 'scanf': This function or variable may be unsafe. Consider using scanf_s instead. To disable deprecation, use _CRT_SECURE_NO_WARNINGS. See online help for details.
  c:\program files (x86)\windows kits\10\include\10.0.10240.0\ucrt\stdio.h(1270): note: see declaration of 'scanf'
d:\gmit\40446 - advanced procedural programming\project\surveyfinal\survey\addsurvey.c(15): warning C4101: 'choice': unreferenced local variable
d:\gmit\40446 - advanced procedural programming\project\surveyfinal\survey\addsurvey.c(98): warning C4996: 'scanf': This function or variable may be unsafe. Consider using scanf_s instead. To disable deprecation, use _CRT_SECURE_NO_WARNINGS. See online help for details.
  c:\program files (x86)\windows kits\10\include\10.0.10240.0\ucrt\stdio.h(1270): note: see declaration of 'scanf'
d:\gmit\40446 - advanced procedural programming\project\surveyfinal\survey\addsurvey.c(204): warning C4996: 'scanf': This function or variable may be unsafe. Consider using scanf_s instead. To disable deprecation, use _CRT_SECURE_NO_WARNINGS. See online help for details.
  c:\program files (x86)\windows kits\10\include\10.0.10240.0\ucrt\stdio.h(1270): note: see declaration of 'scanf'
d:\gmit\40446 - advanced procedural programming\project\surveyfinal\survey\addsurvey.c(207): warning C4996: 'scanf': This function or variable may be unsafe. Consider using scanf_s instead. To disable deprecation, use _CRT_SECURE_NO_WARNINGS. See online help for details.
  c:\program files (x86)\windows kits\10\include\10.0.10240.0\ucrt\stdio.h(1270): note: see declaration of 'scanf'
d:\gmit\40446 - advanced procedural programming\project\surveyfinal\survey\addsurvey.c(210): warning C4996: 'scanf': This function or variable may be unsafe. Consider using scanf_s instead. To disable deprecation, use _CRT_SECURE_NO_WARNINGS. See online help for details.
  c:\program files (x86)\windows kits\10\include\10.0.10240.0\ucrt\stdio.h(1270): note: see declaration of 'scanf'
d:\gmit\40446 - advanced procedural programming\project\surveyfinal\survey\addsurvey.c(215): warning C4996: 'scanf': This function or variable may be unsafe. Consider using scanf_s instead. To disable deprecation, use _CRT_SECURE_NO_WARNINGS. See online help for details.
  c:\program files (x86)\windows kits\10\include\10.0.10240.0\ucrt\stdio.h(1270): note: see declaration of 'scanf'
d:\gmit\40446 - advanced procedural programming\project\surveyfinal\survey\addsurvey.c(232): warning C4996: 'scanf': This function or variable may be unsafe. Consider using scanf_s instead. To disable deprecation, use _CRT_SECURE_NO_WARNINGS. See online help for details.
  c:\program files (x86)\windows kits\10\include\10.0.10240.0\ucrt\stdio.h(1270): note: see declaration of 'scanf'
d:\gmit\40446 - advanced procedural programming\project\surveyfinal\survey\addsurvey.c(257): warning C4996: 'scanf': This function or variable may be unsafe. Consider using scanf_s instead. To disable deprecation, use _CRT_SECURE_NO_WARNINGS. See online help for details.
  c:\program files (x86)\windows kits\10\include\10.0.10240.0\ucrt\stdio.h(1270): note: see declaration of 'scanf'
d:\gmit\40446 - advanced procedural programming\project\surveyfinal\survey\addsurvey.c(291): warning C4996: 'scanf': This function or variable may be unsafe. Consider using scanf_s instead. To disable deprecation, use _CRT_SECURE_NO_WARNINGS. See online help for details.
  c:\program files (x86)\windows kits\10\include\10.0.10240.0\ucrt\stdio.h(1270): note: see declaration of 'scanf'
d:\gmit\40446 - advanced procedural programming\project\surveyfinal\survey\addsurvey.c(327): warning C4996: 'scanf': This function or variable may be unsafe. Consider using scanf_s instead. To disable deprecation, use _CRT_SECURE_NO_WARNINGS. See online help for details.
  c:\program files (x86)\windows kits\10\include\10.0.10240.0\ucrt\stdio.h(1270): note: see declaration of 'scanf'
d:\gmit\40446 - advanced procedural programming\project\surveyfinal\survey\addsurvey.c(358): warning C4996: 'scanf': This function or variable may be unsafe. Consider using scanf_s instead. To disable deprecation, use _CRT_SECURE_NO_WARNINGS. See online help for details.
  c:\program files (x86)\windows kits\10\include\10.0.10240.0\ucrt\stdio.h(1270): note: see declaration of 'scanf'
d:\gmit\40446 - advanced procedural programming\project\surveyfinal\survey\addsurvey.c(387): warning C4996: 'scanf': This function or variable may be unsafe. Consider using scanf_s instead. To disable deprecation, use _CRT_SECURE_NO_WARNINGS. See online help for details.
  c:\program files (x86)\windows kits\10\include\10.0.10240.0\ucrt\stdio.h(1270): note: see declaration of 'scanf'
  Generating Code...
  Survey.vcxproj -> D:\GMIT\40446 - ADVANCED PROCEDURAL PROGRAMMING\Project\SurveyFinal\Survey\Debug\Survey.exe
